<?xml version="1.0" encoding="UTF-8"?>
<testsuite xmlns:xsi="http://www.w3.org/2001/XMLSchema-instance" xsi:noNamespaceSchemaLocation="https://maven.apache.org/surefire/maven-surefire-plugin/xsd/surefire-test-report-3.0.xsd" version="3.0" name="runner.TestRunnerTest" time="385.588" tests="46" errors="8" skipped="14" failures="0">
  <properties>
    <property name="gopherProxySet" value="false"/>
    <property name="awt.toolkit" value="sun.lwawt.macosx.LWCToolkit"/>
    <property name="file.encoding.pkg" value="sun.io"/>
    <property name="java.specification.version" value="1.8"/>
    <property name="sun.cpu.isalist" value=""/>
    <property name="sun.jnu.encoding" value="UTF-8"/>
    <property name="java.class.path" value="/Users/yemioluv/eclipse-workspace/donationMvn/target/test-classes:/Users/yemioluv/eclipse-workspace/donationMvn/target/classes:/Users/yemioluv/.m2/repository/info/cukes/cucumber-java/1.2.5/cucumber-java-1.2.5.jar:/Users/yemioluv/.m2/repository/info/cukes/cucumber-core/1.2.5/cucumber-core-1.2.5.jar:/Users/yemioluv/.m2/repository/info/cukes/cucumber-html/0.2.3/cucumber-html-0.2.3.jar:/Users/yemioluv/.m2/repository/info/cukes/cucumber-junit/1.2.5/cucumber-junit-1.2.5.jar:/Users/yemioluv/.m2/repository/info/cukes/cucumber-jvm-deps/1.0.5/cucumber-jvm-deps-1.0.5.jar:/Users/yemioluv/.m2/repository/net/masterthought/cucumber-reporting/1.0.0/cucumber-reporting-1.0.0.jar:/Users/yemioluv/.m2/repository/com/google/code/gson/gson/2.4/gson-2.4.jar:/Users/yemioluv/.m2/repository/org/apache/velocity/velocity/1.7/velocity-1.7.jar:/Users/yemioluv/.m2/repository/commons-collections/commons-collections/3.2.1/commons-collections-3.2.1.jar:/Users/yemioluv/.m2/repository/commons-lang/commons-lang/2.4/commons-lang-2.4.jar:/Users/yemioluv/.m2/repository/velocity-tools/velocity-tools/1.4/velocity-tools-1.4.jar:/Users/yemioluv/.m2/repository/joda-time/joda-time/2.9.1/joda-time-2.9.1.jar:/Users/yemioluv/.m2/repository/org/apache/commons/commons-lang3/3.4/commons-lang3-3.4.jar:/Users/yemioluv/.m2/repository/commons-io/commons-io/2.4/commons-io-2.4.jar:/Users/yemioluv/.m2/repository/net/lingala/zip4j/zip4j/1.3.2/zip4j-1.3.2.jar:/Users/yemioluv/.m2/repository/org/apache/maven/plugins/maven-gpg-plugin/1.6/maven-gpg-plugin-1.6.jar:/Users/yemioluv/.m2/repository/org/apache/maven/maven-plugin-api/2.2.1/maven-plugin-api-2.2.1.jar:/Users/yemioluv/.m2/repository/org/apache/maven/maven-project/2.2.1/maven-project-2.2.1.jar:/Users/yemioluv/.m2/repository/org/apache/maven/maven-settings/2.2.1/maven-settings-2.2.1.jar:/Users/yemioluv/.m2/repository/org/apache/maven/maven-profile/2.2.1/maven-profile-2.2.1.jar:/Users/yemioluv/.m2/repository/org/apache/maven/maven-artifact-manager/2.2.1/maven-artifact-manager-2.2.1.jar:/Users/yemioluv/.m2/repository/org/apache/maven/wagon/wagon-provider-api/1.0-beta-6/wagon-provider-api-1.0-beta-6.jar:/Users/yemioluv/.m2/repository/backport-util-concurrent/backport-util-concurrent/3.1/backport-util-concurrent-3.1.jar:/Users/yemioluv/.m2/repository/org/apache/maven/maven-plugin-registry/2.2.1/maven-plugin-registry-2.2.1.jar:/Users/yemioluv/.m2/repository/org/codehaus/plexus/plexus-interpolation/1.11/plexus-interpolation-1.11.jar:/Users/yemioluv/.m2/repository/org/codehaus/plexus/plexus-container-default/1.0-alpha-9-stable-1/plexus-container-default-1.0-alpha-9-stable-1.jar:/Users/yemioluv/.m2/repository/classworlds/classworlds/1.1-alpha-2/classworlds-1.1-alpha-2.jar:/Users/yemioluv/.m2/repository/org/apache/maven/maven-artifact/2.2.1/maven-artifact-2.2.1.jar:/Users/yemioluv/.m2/repository/org/apache/maven/maven-repository-metadata/2.2.1/maven-repository-metadata-2.2.1.jar:/Users/yemioluv/.m2/repository/org/apache/maven/maven-model/2.2.1/maven-model-2.2.1.jar:/Users/yemioluv/.m2/repository/org/codehaus/plexus/plexus-utils/3.0.20/plexus-utils-3.0.20.jar:/Users/yemioluv/.m2/repository/org/sonatype/plexus/plexus-sec-dispatcher/1.4/plexus-sec-dispatcher-1.4.jar:/Users/yemioluv/.m2/repository/org/sonatype/plexus/plexus-cipher/1.4/plexus-cipher-1.4.jar:/Users/yemioluv/.m2/repository/org/jsoup/jsoup/1.8.3/jsoup-1.8.3.jar:/Users/yemioluv/.m2/repository/info/cukes/gherkin/2.12.2/gherkin-2.12.2.jar:/Users/yemioluv/.m2/repository/junit/junit/4.11/junit-4.11.jar:/Users/yemioluv/.m2/repository/org/hamcrest/hamcrest-core/1.3/hamcrest-core-1.3.jar:/Users/yemioluv/.m2/repository/org/seleniumhq/selenium/selenium-java/3.5.3/selenium-java-3.5.3.jar:/Users/yemioluv/.m2/repository/org/seleniumhq/selenium/selenium-api/3.5.3/selenium-api-3.5.3.jar:/Users/yemioluv/.m2/repository/org/seleniumhq/selenium/selenium-chrome-driver/3.5.3/selenium-chrome-driver-3.5.3.jar:/Users/yemioluv/.m2/repository/org/seleniumhq/selenium/selenium-edge-driver/3.5.3/selenium-edge-driver-3.5.3.jar:/Users/yemioluv/.m2/repository/org/seleniumhq/selenium/selenium-firefox-driver/3.5.3/selenium-firefox-driver-3.5.3.jar:/Users/yemioluv/.m2/repository/org/seleniumhq/selenium/selenium-ie-driver/3.5.3/selenium-ie-driver-3.5.3.jar:/Users/yemioluv/.m2/repository/org/seleniumhq/selenium/selenium-opera-driver/3.5.3/selenium-opera-driver-3.5.3.jar:/Users/yemioluv/.m2/repository/org/seleniumhq/selenium/selenium-remote-driver/3.5.3/selenium-remote-driver-3.5.3.jar:/Users/yemioluv/.m2/repository/org/seleniumhq/selenium/selenium-safari-driver/3.5.3/selenium-safari-driver-3.5.3.jar:/Users/yemioluv/.m2/repository/org/seleniumhq/selenium/selenium-support/3.5.3/selenium-support-3.5.3.jar:/Users/yemioluv/.m2/repository/cglib/cglib-nodep/3.2.4/cglib-nodep-3.2.4.jar:/Users/yemioluv/.m2/repository/org/apache/commons/commons-exec/1.3/commons-exec-1.3.jar:/Users/yemioluv/.m2/repository/commons-codec/commons-codec/1.10/commons-codec-1.10.jar:/Users/yemioluv/.m2/repository/commons-logging/commons-logging/1.2/commons-logging-1.2.jar:/Users/yemioluv/.m2/repository/org/w3c/css/sac/1.3/sac-1.3.jar:/Users/yemioluv/.m2/repository/net/sourceforge/cssparser/cssparser/0.9.23/cssparser-0.9.23.jar:/Users/yemioluv/.m2/repository/com/google/guava/guava/23.0/guava-23.0.jar:/Users/yemioluv/.m2/repository/com/google/code/findbugs/jsr305/1.3.9/jsr305-1.3.9.jar:/Users/yemioluv/.m2/repository/com/google/errorprone/error_prone_annotations/2.0.18/error_prone_annotations-2.0.18.jar:/Users/yemioluv/.m2/repository/com/google/j2objc/j2objc-annotations/1.1/j2objc-annotations-1.1.jar:/Users/yemioluv/.m2/repository/org/codehaus/mojo/animal-sniffer-annotations/1.14/animal-sniffer-annotations-1.14.jar:/Users/yemioluv/.m2/repository/net/sourceforge/htmlunit/htmlunit/2.27/htmlunit-2.27.jar:/Users/yemioluv/.m2/repository/net/sourceforge/htmlunit/htmlunit-core-js/2.27/htmlunit-core-js-2.27.jar:/Users/yemioluv/.m2/repository/net/sourceforge/htmlunit/neko-htmlunit/2.27/neko-htmlunit-2.27.jar:/Users/yemioluv/.m2/repository/org/apache/httpcomponents/httpclient/4.5.3/httpclient-4.5.3.jar:/Users/yemioluv/.m2/repository/org/apache/httpcomponents/httpcore/4.4.6/httpcore-4.4.6.jar:/Users/yemioluv/.m2/repository/org/apache/httpcomponents/httpmime/4.5.3/httpmime-4.5.3.jar:/Users/yemioluv/.m2/repository/org/eclipse/jetty/jetty-client/9.4.5.v20170502/jetty-client-9.4.5.v20170502.jar:/Users/yemioluv/.m2/repository/org/eclipse/jetty/jetty-http/9.4.5.v20170502/jetty-http-9.4.5.v20170502.jar:/Users/yemioluv/.m2/repository/org/eclipse/jetty/jetty-io/9.4.5.v20170502/jetty-io-9.4.5.v20170502.jar:/Users/yemioluv/.m2/repository/org/eclipse/jetty/jetty-util/9.4.5.v20170502/jetty-util-9.4.5.v20170502.jar:/Users/yemioluv/.m2/repository/net/java/dev/jna/jna/4.1.0/jna-4.1.0.jar:/Users/yemioluv/.m2/repository/net/java/dev/jna/jna-platform/4.1.0/jna-platform-4.1.0.jar:/Users/yemioluv/.m2/repository/com/codeborne/phantomjsdriver/1.4.0/phantomjsdriver-1.4.0.jar:/Users/yemioluv/.m2/repository/org/seleniumhq/selenium/htmlunit-driver/2.27/htmlunit-driver-2.27.jar:/Users/yemioluv/.m2/repository/javax/servlet/javax.servlet-api/3.1.0/javax.servlet-api-3.1.0.jar:/Users/yemioluv/.m2/repository/org/eclipse/jetty/websocket/websocket-api/9.4.5.v20170502/websocket-api-9.4.5.v20170502.jar:/Users/yemioluv/.m2/repository/org/eclipse/jetty/websocket/websocket-client/9.4.5.v20170502/websocket-client-9.4.5.v20170502.jar:/Users/yemioluv/.m2/repository/org/eclipse/jetty/websocket/websocket-common/9.4.5.v20170502/websocket-common-9.4.5.v20170502.jar:/Users/yemioluv/.m2/repository/xalan/serializer/2.7.2/serializer-2.7.2.jar:/Users/yemioluv/.m2/repository/xalan/xalan/2.7.2/xalan-2.7.2.jar:/Users/yemioluv/.m2/repository/xerces/xercesImpl/2.11.0/xercesImpl-2.11.0.jar:/Users/yemioluv/.m2/repository/xml-apis/xml-apis/1.4.01/xml-apis-1.4.01.jar:/Users/yemioluv/.m2/repository/info/cukes/cucumber-picocontainer/1.2.5/cucumber-picocontainer-1.2.5.jar:/Users/yemioluv/.m2/repository/org/picocontainer/picocontainer/2.15/picocontainer-2.15.jar:/Users/yemioluv/.m2/repository/com/squareup/okhttp3/okhttp/3.0.0-RC1/okhttp-3.0.0-RC1.jar:/Users/yemioluv/.m2/repository/com/squareup/okio/okio/1.6.0/okio-1.6.0.jar:/Users/yemioluv/.m2/repository/com/aventstack/extentreports/3.1.5/extentreports-3.1.5.jar:/Users/yemioluv/.m2/repository/org/freemarker/freemarker/2.3.23/freemarker-2.3.23.jar:/Users/yemioluv/.m2/repository/org/mongodb/mongodb-driver/3.3.0/mongodb-driver-3.3.0.jar:/Users/yemioluv/.m2/repository/org/mongodb/bson/3.3.0/bson-3.3.0.jar:/Users/yemioluv/.m2/repository/org/mongodb/mongodb-driver-core/3.3.0/mongodb-driver-core-3.3.0.jar:/Users/yemioluv/.m2/repository/com/vimalselvam/cucumber-extentsreport/3.1.1/cucumber-extentsreport-3.1.1.jar:/Users/yemioluv/.m2/repository/com/apple/AppleJavaExtensions/1.4/AppleJavaExtensions-1.4.jar:"/>
    <property name="java.vm.vendor" value="Oracle Corporation"/>
    <property name="sun.arch.data.model" value="64"/>
    <property name="java.vendor.url" value="http://java.oracle.com/"/>
    <property name="user.timezone" value=""/>
    <property name="java.vm.specification.version" value="1.8"/>
    <property name="os.name" value="Mac OS X"/>
    <property name="user.country" value="GB"/>
    <property name="sun.java.launcher" value="SUN_STANDARD"/>
    <property name="sun.boot.library.path" value="/Library/Java/JavaVirtualMachines/jdk1.8.0_201.jdk/Contents/Home/jre/lib"/>
    <property name="sun.java.command" value="/Users/yemioluv/eclipse-workspace/donationMvn/target/surefire/surefirebooter1927278155630862311.jar /Users/yemioluv/eclipse-workspace/donationMvn/target/surefire 2020-01-06T11-03-04_308-jvmRun1 surefire409554509057850364tmp surefire_04742945295421909527tmp"/>
    <property name="http.nonProxyHosts" value="local|*.local|169.254/16|*.169.254/16"/>
    <property name="surefire.test.class.path" value="/Users/yemioluv/eclipse-workspace/donationMvn/target/test-classes:/Users/yemioluv/eclipse-workspace/donationMvn/target/classes:/Users/yemioluv/.m2/repository/info/cukes/cucumber-java/1.2.5/cucumber-java-1.2.5.jar:/Users/yemioluv/.m2/repository/info/cukes/cucumber-core/1.2.5/cucumber-core-1.2.5.jar:/Users/yemioluv/.m2/repository/info/cukes/cucumber-html/0.2.3/cucumber-html-0.2.3.jar:/Users/yemioluv/.m2/repository/info/cukes/cucumber-junit/1.2.5/cucumber-junit-1.2.5.jar:/Users/yemioluv/.m2/repository/info/cukes/cucumber-jvm-deps/1.0.5/cucumber-jvm-deps-1.0.5.jar:/Users/yemioluv/.m2/repository/net/masterthought/cucumber-reporting/1.0.0/cucumber-reporting-1.0.0.jar:/Users/yemioluv/.m2/repository/com/google/code/gson/gson/2.4/gson-2.4.jar:/Users/yemioluv/.m2/repository/org/apache/velocity/velocity/1.7/velocity-1.7.jar:/Users/yemioluv/.m2/repository/commons-collections/commons-collections/3.2.1/commons-collections-3.2.1.jar:/Users/yemioluv/.m2/repository/commons-lang/commons-lang/2.4/commons-lang-2.4.jar:/Users/yemioluv/.m2/repository/velocity-tools/velocity-tools/1.4/velocity-tools-1.4.jar:/Users/yemioluv/.m2/repository/joda-time/joda-time/2.9.1/joda-time-2.9.1.jar:/Users/yemioluv/.m2/repository/org/apache/commons/commons-lang3/3.4/commons-lang3-3.4.jar:/Users/yemioluv/.m2/repository/commons-io/commons-io/2.4/commons-io-2.4.jar:/Users/yemioluv/.m2/repository/net/lingala/zip4j/zip4j/1.3.2/zip4j-1.3.2.jar:/Users/yemioluv/.m2/repository/org/apache/maven/plugins/maven-gpg-plugin/1.6/maven-gpg-plugin-1.6.jar:/Users/yemioluv/.m2/repository/org/apache/maven/maven-plugin-api/2.2.1/maven-plugin-api-2.2.1.jar:/Users/yemioluv/.m2/repository/org/apache/maven/maven-project/2.2.1/maven-project-2.2.1.jar:/Users/yemioluv/.m2/repository/org/apache/maven/maven-settings/2.2.1/maven-settings-2.2.1.jar:/Users/yemioluv/.m2/repository/org/apache/maven/maven-profile/2.2.1/maven-profile-2.2.1.jar:/Users/yemioluv/.m2/repository/org/apache/maven/maven-artifact-manager/2.2.1/maven-artifact-manager-2.2.1.jar:/Users/yemioluv/.m2/repository/org/apache/maven/wagon/wagon-provider-api/1.0-beta-6/wagon-provider-api-1.0-beta-6.jar:/Users/yemioluv/.m2/repository/backport-util-concurrent/backport-util-concurrent/3.1/backport-util-concurrent-3.1.jar:/Users/yemioluv/.m2/repository/org/apache/maven/maven-plugin-registry/2.2.1/maven-plugin-registry-2.2.1.jar:/Users/yemioluv/.m2/repository/org/codehaus/plexus/plexus-interpolation/1.11/plexus-interpolation-1.11.jar:/Users/yemioluv/.m2/repository/org/codehaus/plexus/plexus-container-default/1.0-alpha-9-stable-1/plexus-container-default-1.0-alpha-9-stable-1.jar:/Users/yemioluv/.m2/repository/classworlds/classworlds/1.1-alpha-2/classworlds-1.1-alpha-2.jar:/Users/yemioluv/.m2/repository/org/apache/maven/maven-artifact/2.2.1/maven-artifact-2.2.1.jar:/Users/yemioluv/.m2/repository/org/apache/maven/maven-repository-metadata/2.2.1/maven-repository-metadata-2.2.1.jar:/Users/yemioluv/.m2/repository/org/apache/maven/maven-model/2.2.1/maven-model-2.2.1.jar:/Users/yemioluv/.m2/repository/org/codehaus/plexus/plexus-utils/3.0.20/plexus-utils-3.0.20.jar:/Users/yemioluv/.m2/repository/org/sonatype/plexus/plexus-sec-dispatcher/1.4/plexus-sec-dispatcher-1.4.jar:/Users/yemioluv/.m2/repository/org/sonatype/plexus/plexus-cipher/1.4/plexus-cipher-1.4.jar:/Users/yemioluv/.m2/repository/org/jsoup/jsoup/1.8.3/jsoup-1.8.3.jar:/Users/yemioluv/.m2/repository/info/cukes/gherkin/2.12.2/gherkin-2.12.2.jar:/Users/yemioluv/.m2/repository/junit/junit/4.11/junit-4.11.jar:/Users/yemioluv/.m2/repository/org/hamcrest/hamcrest-core/1.3/hamcrest-core-1.3.jar:/Users/yemioluv/.m2/repository/org/seleniumhq/selenium/selenium-java/3.5.3/selenium-java-3.5.3.jar:/Users/yemioluv/.m2/repository/org/seleniumhq/selenium/selenium-api/3.5.3/selenium-api-3.5.3.jar:/Users/yemioluv/.m2/repository/org/seleniumhq/selenium/selenium-chrome-driver/3.5.3/selenium-chrome-driver-3.5.3.jar:/Users/yemioluv/.m2/repository/org/seleniumhq/selenium/selenium-edge-driver/3.5.3/selenium-edge-driver-3.5.3.jar:/Users/yemioluv/.m2/repository/org/seleniumhq/selenium/selenium-firefox-driver/3.5.3/selenium-firefox-driver-3.5.3.jar:/Users/yemioluv/.m2/repository/org/seleniumhq/selenium/selenium-ie-driver/3.5.3/selenium-ie-driver-3.5.3.jar:/Users/yemioluv/.m2/repository/org/seleniumhq/selenium/selenium-opera-driver/3.5.3/selenium-opera-driver-3.5.3.jar:/Users/yemioluv/.m2/repository/org/seleniumhq/selenium/selenium-remote-driver/3.5.3/selenium-remote-driver-3.5.3.jar:/Users/yemioluv/.m2/repository/org/seleniumhq/selenium/selenium-safari-driver/3.5.3/selenium-safari-driver-3.5.3.jar:/Users/yemioluv/.m2/repository/org/seleniumhq/selenium/selenium-support/3.5.3/selenium-support-3.5.3.jar:/Users/yemioluv/.m2/repository/cglib/cglib-nodep/3.2.4/cglib-nodep-3.2.4.jar:/Users/yemioluv/.m2/repository/org/apache/commons/commons-exec/1.3/commons-exec-1.3.jar:/Users/yemioluv/.m2/repository/commons-codec/commons-codec/1.10/commons-codec-1.10.jar:/Users/yemioluv/.m2/repository/commons-logging/commons-logging/1.2/commons-logging-1.2.jar:/Users/yemioluv/.m2/repository/org/w3c/css/sac/1.3/sac-1.3.jar:/Users/yemioluv/.m2/repository/net/sourceforge/cssparser/cssparser/0.9.23/cssparser-0.9.23.jar:/Users/yemioluv/.m2/repository/com/google/guava/guava/23.0/guava-23.0.jar:/Users/yemioluv/.m2/repository/com/google/code/findbugs/jsr305/1.3.9/jsr305-1.3.9.jar:/Users/yemioluv/.m2/repository/com/google/errorprone/error_prone_annotations/2.0.18/error_prone_annotations-2.0.18.jar:/Users/yemioluv/.m2/repository/com/google/j2objc/j2objc-annotations/1.1/j2objc-annotations-1.1.jar:/Users/yemioluv/.m2/repository/org/codehaus/mojo/animal-sniffer-annotations/1.14/animal-sniffer-annotations-1.14.jar:/Users/yemioluv/.m2/repository/net/sourceforge/htmlunit/htmlunit/2.27/htmlunit-2.27.jar:/Users/yemioluv/.m2/repository/net/sourceforge/htmlunit/htmlunit-core-js/2.27/htmlunit-core-js-2.27.jar:/Users/yemioluv/.m2/repository/net/sourceforge/htmlunit/neko-htmlunit/2.27/neko-htmlunit-2.27.jar:/Users/yemioluv/.m2/repository/org/apache/httpcomponents/httpclient/4.5.3/httpclient-4.5.3.jar:/Users/yemioluv/.m2/repository/org/apache/httpcomponents/httpcore/4.4.6/httpcore-4.4.6.jar:/Users/yemioluv/.m2/repository/org/apache/httpcomponents/httpmime/4.5.3/httpmime-4.5.3.jar:/Users/yemioluv/.m2/repository/org/eclipse/jetty/jetty-client/9.4.5.v20170502/jetty-client-9.4.5.v20170502.jar:/Users/yemioluv/.m2/repository/org/eclipse/jetty/jetty-http/9.4.5.v20170502/jetty-http-9.4.5.v20170502.jar:/Users/yemioluv/.m2/repository/org/eclipse/jetty/jetty-io/9.4.5.v20170502/jetty-io-9.4.5.v20170502.jar:/Users/yemioluv/.m2/repository/org/eclipse/jetty/jetty-util/9.4.5.v20170502/jetty-util-9.4.5.v20170502.jar:/Users/yemioluv/.m2/repository/net/java/dev/jna/jna/4.1.0/jna-4.1.0.jar:/Users/yemioluv/.m2/repository/net/java/dev/jna/jna-platform/4.1.0/jna-platform-4.1.0.jar:/Users/yemioluv/.m2/repository/com/codeborne/phantomjsdriver/1.4.0/phantomjsdriver-1.4.0.jar:/Users/yemioluv/.m2/repository/org/seleniumhq/selenium/htmlunit-driver/2.27/htmlunit-driver-2.27.jar:/Users/yemioluv/.m2/repository/javax/servlet/javax.servlet-api/3.1.0/javax.servlet-api-3.1.0.jar:/Users/yemioluv/.m2/repository/org/eclipse/jetty/websocket/websocket-api/9.4.5.v20170502/websocket-api-9.4.5.v20170502.jar:/Users/yemioluv/.m2/repository/org/eclipse/jetty/websocket/websocket-client/9.4.5.v20170502/websocket-client-9.4.5.v20170502.jar:/Users/yemioluv/.m2/repository/org/eclipse/jetty/websocket/websocket-common/9.4.5.v20170502/websocket-common-9.4.5.v20170502.jar:/Users/yemioluv/.m2/repository/xalan/serializer/2.7.2/serializer-2.7.2.jar:/Users/yemioluv/.m2/repository/xalan/xalan/2.7.2/xalan-2.7.2.jar:/Users/yemioluv/.m2/repository/xerces/xercesImpl/2.11.0/xercesImpl-2.11.0.jar:/Users/yemioluv/.m2/repository/xml-apis/xml-apis/1.4.01/xml-apis-1.4.01.jar:/Users/yemioluv/.m2/repository/info/cukes/cucumber-picocontainer/1.2.5/cucumber-picocontainer-1.2.5.jar:/Users/yemioluv/.m2/repository/org/picocontainer/picocontainer/2.15/picocontainer-2.15.jar:/Users/yemioluv/.m2/repository/com/squareup/okhttp3/okhttp/3.0.0-RC1/okhttp-3.0.0-RC1.jar:/Users/yemioluv/.m2/repository/com/squareup/okio/okio/1.6.0/okio-1.6.0.jar:/Users/yemioluv/.m2/repository/com/aventstack/extentreports/3.1.5/extentreports-3.1.5.jar:/Users/yemioluv/.m2/repository/org/freemarker/freemarker/2.3.23/freemarker-2.3.23.jar:/Users/yemioluv/.m2/repository/org/mongodb/mongodb-driver/3.3.0/mongodb-driver-3.3.0.jar:/Users/yemioluv/.m2/repository/org/mongodb/bson/3.3.0/bson-3.3.0.jar:/Users/yemioluv/.m2/repository/org/mongodb/mongodb-driver-core/3.3.0/mongodb-driver-core-3.3.0.jar:/Users/yemioluv/.m2/repository/com/vimalselvam/cucumber-extentsreport/3.1.1/cucumber-extentsreport-3.1.1.jar:/Users/yemioluv/.m2/repository/com/apple/AppleJavaExtensions/1.4/AppleJavaExtensions-1.4.jar:"/>
    <property name="sun.cpu.endian" value="little"/>
    <property name="user.home" value="/Users/yemioluv"/>
    <property name="user.language" value="en"/>
    <property name="java.specification.vendor" value="Oracle Corporation"/>
    <property name="java.home" value="/Library/Java/JavaVirtualMachines/jdk1.8.0_201.jdk/Contents/Home/jre"/>
    <property name="basedir" value="/Users/yemioluv/eclipse-workspace/donationMvn"/>
    <property name="file.separator" value="/"/>
    <property name="line.separator" value="&#10;"/>
    <property name="java.vm.specification.vendor" value="Oracle Corporation"/>
    <property name="java.specification.name" value="Java Platform API Specification"/>
    <property name="java.awt.graphicsenv" value="sun.awt.CGraphicsEnvironment"/>
    <property name="surefire.real.class.path" value="/Users/yemioluv/eclipse-workspace/donationMvn/target/surefire/surefirebooter1927278155630862311.jar"/>
    <property name="sun.boot.class.path" value="/Library/Java/JavaVirtualMachines/jdk1.8.0_201.jdk/Contents/Home/jre/lib/resources.jar:/Library/Java/JavaVirtualMachines/jdk1.8.0_201.jdk/Contents/Home/jre/lib/rt.jar:/Library/Java/JavaVirtualMachines/jdk1.8.0_201.jdk/Contents/Home/jre/lib/sunrsasign.jar:/Library/Java/JavaVirtualMachines/jdk1.8.0_201.jdk/Contents/Home/jre/lib/jsse.jar:/Library/Java/JavaVirtualMachines/jdk1.8.0_201.jdk/Contents/Home/jre/lib/jce.jar:/Library/Java/JavaVirtualMachines/jdk1.8.0_201.jdk/Contents/Home/jre/lib/charsets.jar:/Library/Java/JavaVirtualMachines/jdk1.8.0_201.jdk/Contents/Home/jre/lib/jfr.jar:/Library/Java/JavaVirtualMachines/jdk1.8.0_201.jdk/Contents/Home/jre/classes"/>
    <property name="sun.management.compiler" value="HotSpot 64-Bit Tiered Compilers"/>
    <property name="ftp.nonProxyHosts" value="local|*.local|169.254/16|*.169.254/16"/>
    <property name="java.runtime.version" value="1.8.0_201-b09"/>
    <property name="user.name" value="yemioluv"/>
    <property name="path.separator" value=":"/>
    <property name="os.version" value="10.13.6"/>
    <property name="java.endorsed.dirs" value="/Library/Java/JavaVirtualMachines/jdk1.8.0_201.jdk/Contents/Home/jre/lib/endorsed"/>
    <property name="java.runtime.name" value="Java(TM) SE Runtime Environment"/>
    <property name="file.encoding" value="UTF-8"/>
    <property name="java.vm.name" value="Java HotSpot(TM) 64-Bit Server VM"/>
    <property name="localRepository" value="/Users/yemioluv/.m2/repository"/>
    <property name="java.vendor.url.bug" value="http://bugreport.sun.com/bugreport/"/>
    <property name="java.io.tmpdir" value="/var/folders/4r/svs2hp7x42n37v_vhwpvd4hm0000gn/T/"/>
    <property name="java.version" value="1.8.0_201"/>
    <property name="user.dir" value="/Users/yemioluv/eclipse-workspace/donationMvn"/>
    <property name="os.arch" value="x86_64"/>
    <property name="java.vm.specification.name" value="Java Virtual Machine Specification"/>
    <property name="java.awt.printerjob" value="sun.lwawt.macosx.CPrinterJob"/>
    <property name="sun.os.patch.level" value="unknown"/>
    <property name="java.library.path" value="/Users/yemioluv/Library/Java/Extensions:/Library/Java/Extensions:/Network/Library/Java/Extensions:/System/Library/Java/Extensions:/usr/lib/java:."/>
    <property name="java.vm.info" value="mixed mode"/>
    <property name="java.vendor" value="Oracle Corporation"/>
    <property name="java.vm.version" value="25.201-b09"/>
    <property name="java.ext.dirs" value="/Users/yemioluv/Library/Java/Extensions:/Library/Java/JavaVirtualMachines/jdk1.8.0_201.jdk/Contents/Home/jre/lib/ext:/Library/Java/Extensions:/Network/Library/Java/Extensions:/System/Library/Java/Extensions:/usr/lib/java"/>
    <property name="sun.io.unicode.encoding" value="UnicodeBig"/>
    <property name="java.class.version" value="52.0"/>
    <property name="socksNonProxyHosts" value="local|*.local|169.254/16|*.169.254/16"/>
  </properties>
  <testcase name="Given user navigate to https://alzheimers-donations.wpnc-uat.site/" classname="Scenario: verify user can donate £12" time="0.006"/>
  <testcase name="And user click on monthly donation tab" classname="Scenario: verify user can donate £12" time="0"/>
  <testcase name="And user click £12 button" classname="Scenario: verify user can donate £12" time="0"/>
  <testcase name="And user click landing page continue tab" classname="Scenario: verify user can donate £12" time="0"/>
  <testcase name="And user click donation amount continue tab" classname="Scenario: verify user can donate £12" time="0"/>
  <testcase name="And user fill my detail page" classname="Scenario: verify user can donate £12" time="0"/>
  <testcase name="And user fill my address page" classname="Scenario: verify user can donate £12" time="0.018">
    <error message="Expected condition failed: waiting for visibility of Proxy element for: DefaultElementLocator &apos;By.xpath: //input[@id=&quot;AddressSameYes&quot;]&apos; (tried for 60 second(s) with 500 MILLISECONDS interval)" type="org.openqa.selenium.TimeoutException"><![CDATA[org.openqa.selenium.TimeoutException: Expected condition failed: waiting for visibility of Proxy element for: DefaultElementLocator 'By.xpath: //input[@id="AddressSameYes"]' (tried for 60 second(s) with 500 MILLISECONDS interval)
Caused by: org.openqa.selenium.NoSuchElementException: 
no such element: Unable to locate element: {"method":"xpath","selector":"//input[@id="AddressSameYes"]"}
  (Session info: chrome=79.0.3945.88)
For documentation on this error, please visit: http://seleniumhq.org/exceptions/no_such_element.html
Build info: version: '3.5.3', revision: 'a88d25fe6b', time: '2017-08-29T12:42:44.417Z'
System info: host: 'Yemis-MacBook-Air.local', ip: 'fe80:0:0:0:1c2d:6f0:684b:2105%en0', os.name: 'Mac OS X', os.arch: 'x86_64', os.version: '10.13.6', java.version: '1.8.0_201'
Driver info: org.openqa.selenium.chrome.ChromeDriver
Capabilities [{networkConnectionEnabled=false, chrome={chromedriverVersion=78.0.3904.105 (60e2d8774a8151efa6a00b1f358371b1e0e07ee2-refs/branch-heads/3904@{#877}), userDataDir=/var/folders/4r/svs2hp7x42n37v_vhwpvd4hm0000gn/T/.com.google.Chrome.htzM5c}, timeouts={implicit=0, pageLoad=300000, script=30000}, pageLoadStrategy=normal, unhandledPromptBehavior=dismiss and notify, strictFileInteractability=false, platform=MAC, proxy=Proxy(), goog:chromeOptions={debuggerAddress=localhost:63075}, acceptInsecureCerts=false, browserVersion=79.0.3945.88, browserName=chrome, javascriptEnabled=true, platformName=MAC, setWindowRect=true}]
Session ID: 2c850244fc6336a63d5fb959f6418882
*** Element info: {Using=xpath, value=//input[@id="AddressSameYes"]}
]]></error>
  </testcase>
  <testcase name="" classname="Scenario: verify user can donate £12" time="0.019">
    <error message="Expected condition failed: waiting for visibility of Proxy element for: DefaultElementLocator &apos;By.xpath: //input[@id=&quot;AddressSameYes&quot;]&apos; (tried for 60 second(s) with 500 MILLISECONDS interval)" type="org.openqa.selenium.TimeoutException"><![CDATA[org.openqa.selenium.TimeoutException: Expected condition failed: waiting for visibility of Proxy element for: DefaultElementLocator 'By.xpath: //input[@id="AddressSameYes"]' (tried for 60 second(s) with 500 MILLISECONDS interval)
Caused by: org.openqa.selenium.NoSuchElementException: 
no such element: Unable to locate element: {"method":"xpath","selector":"//input[@id="AddressSameYes"]"}
  (Session info: chrome=79.0.3945.88)
For documentation on this error, please visit: http://seleniumhq.org/exceptions/no_such_element.html
Build info: version: '3.5.3', revision: 'a88d25fe6b', time: '2017-08-29T12:42:44.417Z'
System info: host: 'Yemis-MacBook-Air.local', ip: 'fe80:0:0:0:1c2d:6f0:684b:2105%en0', os.name: 'Mac OS X', os.arch: 'x86_64', os.version: '10.13.6', java.version: '1.8.0_201'
Driver info: org.openqa.selenium.chrome.ChromeDriver
Capabilities [{networkConnectionEnabled=false, chrome={chromedriverVersion=78.0.3904.105 (60e2d8774a8151efa6a00b1f358371b1e0e07ee2-refs/branch-heads/3904@{#877}), userDataDir=/var/folders/4r/svs2hp7x42n37v_vhwpvd4hm0000gn/T/.com.google.Chrome.htzM5c}, timeouts={implicit=0, pageLoad=300000, script=30000}, pageLoadStrategy=normal, unhandledPromptBehavior=dismiss and notify, strictFileInteractability=false, platform=MAC, proxy=Proxy(), goog:chromeOptions={debuggerAddress=localhost:63075}, acceptInsecureCerts=false, browserVersion=79.0.3945.88, browserName=chrome, javascriptEnabled=true, platformName=MAC, setWindowRect=true}]
Session ID: 2c850244fc6336a63d5fb959f6418882
*** Element info: {Using=xpath, value=//input[@id="AddressSameYes"]}
]]></error>
  </testcase>
  <testcase name="And user fill direct debit detail page" classname="Scenario: verify user can donate £12" time="0">
    <skipped/>
  </testcase>
  <testcase name="And user click your details continue tab" classname="Scenario: verify user can donate £12" time="0">
    <skipped/>
  </testcase>
  <testcase name="When user click confirm page complete donation tab" classname="Scenario: verify user can donate £12" time="0">
    <skipped/>
  </testcase>
  <testcase name="Then Thank you for your donation page should be displayed" classname="Scenario: verify user can donate £12" time="0">
    <skipped/>
  </testcase>
  <testcase name="Given user navigate to https://alzheimers-donations.wpnc-uat.site/" classname="Scenario: verify user can donate £20" time="0"/>
  <testcase name="And user click on monthly donation tab" classname="Scenario: verify user can donate £20" time="0"/>
  <testcase name="And user click £20 tab" classname="Scenario: verify user can donate £20" time="0"/>
  <testcase name="And user click landing page continue tab" classname="Scenario: verify user can donate £20" time="0"/>
  <testcase name="And user click donation amount continue tab" classname="Scenario: verify user can donate £20" time="0"/>
  <testcase name="And user fill my detail page" classname="Scenario: verify user can donate £20" time="0"/>
  <testcase name="And user fill my address page" classname="Scenario: verify user can donate £20" time="0.003">
    <error message="Expected condition failed: waiting for visibility of Proxy element for: DefaultElementLocator &apos;By.xpath: //input[@id=&quot;AddressSameYes&quot;]&apos; (tried for 60 second(s) with 500 MILLISECONDS interval)" type="org.openqa.selenium.TimeoutException"><![CDATA[org.openqa.selenium.TimeoutException: Expected condition failed: waiting for visibility of Proxy element for: DefaultElementLocator 'By.xpath: //input[@id="AddressSameYes"]' (tried for 60 second(s) with 500 MILLISECONDS interval)
Caused by: org.openqa.selenium.NoSuchElementException: 
no such element: Unable to locate element: {"method":"xpath","selector":"//input[@id="AddressSameYes"]"}
  (Session info: chrome=79.0.3945.88)
For documentation on this error, please visit: http://seleniumhq.org/exceptions/no_such_element.html
Build info: version: '3.5.3', revision: 'a88d25fe6b', time: '2017-08-29T12:42:44.417Z'
System info: host: 'Yemis-MacBook-Air.local', ip: 'fe80:0:0:0:1c2d:6f0:684b:2105%en0', os.name: 'Mac OS X', os.arch: 'x86_64', os.version: '10.13.6', java.version: '1.8.0_201'
Driver info: org.openqa.selenium.chrome.ChromeDriver
Capabilities [{networkConnectionEnabled=false, chrome={chromedriverVersion=78.0.3904.105 (60e2d8774a8151efa6a00b1f358371b1e0e07ee2-refs/branch-heads/3904@{#877}), userDataDir=/var/folders/4r/svs2hp7x42n37v_vhwpvd4hm0000gn/T/.com.google.Chrome.oncRPz}, timeouts={implicit=0, pageLoad=300000, script=30000}, pageLoadStrategy=normal, unhandledPromptBehavior=dismiss and notify, strictFileInteractability=false, platform=MAC, proxy=Proxy(), goog:chromeOptions={debuggerAddress=localhost:63339}, acceptInsecureCerts=false, browserVersion=79.0.3945.88, browserName=chrome, javascriptEnabled=true, platformName=MAC, setWindowRect=true}]
Session ID: bcd7bb0b6e304dc83a56bb6cfe8ff9b4
*** Element info: {Using=xpath, value=//input[@id="AddressSameYes"]}
]]></error>
  </testcase>
  <testcase name="" classname="Scenario: verify user can donate £20" time="0.006">
    <error message="Expected condition failed: waiting for visibility of Proxy element for: DefaultElementLocator &apos;By.xpath: //input[@id=&quot;AddressSameYes&quot;]&apos; (tried for 60 second(s) with 500 MILLISECONDS interval)" type="org.openqa.selenium.TimeoutException"><![CDATA[org.openqa.selenium.TimeoutException: Expected condition failed: waiting for visibility of Proxy element for: DefaultElementLocator 'By.xpath: //input[@id="AddressSameYes"]' (tried for 60 second(s) with 500 MILLISECONDS interval)
Caused by: org.openqa.selenium.NoSuchElementException: 
no such element: Unable to locate element: {"method":"xpath","selector":"//input[@id="AddressSameYes"]"}
  (Session info: chrome=79.0.3945.88)
For documentation on this error, please visit: http://seleniumhq.org/exceptions/no_such_element.html
Build info: version: '3.5.3', revision: 'a88d25fe6b', time: '2017-08-29T12:42:44.417Z'
System info: host: 'Yemis-MacBook-Air.local', ip: 'fe80:0:0:0:1c2d:6f0:684b:2105%en0', os.name: 'Mac OS X', os.arch: 'x86_64', os.version: '10.13.6', java.version: '1.8.0_201'
Driver info: org.openqa.selenium.chrome.ChromeDriver
Capabilities [{networkConnectionEnabled=false, chrome={chromedriverVersion=78.0.3904.105 (60e2d8774a8151efa6a00b1f358371b1e0e07ee2-refs/branch-heads/3904@{#877}), userDataDir=/var/folders/4r/svs2hp7x42n37v_vhwpvd4hm0000gn/T/.com.google.Chrome.oncRPz}, timeouts={implicit=0, pageLoad=300000, script=30000}, pageLoadStrategy=normal, unhandledPromptBehavior=dismiss and notify, strictFileInteractability=false, platform=MAC, proxy=Proxy(), goog:chromeOptions={debuggerAddress=localhost:63339}, acceptInsecureCerts=false, browserVersion=79.0.3945.88, browserName=chrome, javascriptEnabled=true, platformName=MAC, setWindowRect=true}]
Session ID: bcd7bb0b6e304dc83a56bb6cfe8ff9b4
*** Element info: {Using=xpath, value=//input[@id="AddressSameYes"]}
]]></error>
  </testcase>
  <testcase name="And user fill direct debit detail page" classname="Scenario: verify user can donate £20" time="0">
    <skipped/>
  </testcase>
  <testcase name="And user click your details continue tab" classname="Scenario: verify user can donate £20" time="0">
    <skipped/>
  </testcase>
  <testcase name="When user click confirm page complete donation tab" classname="Scenario: verify user can donate £20" time="0">
    <skipped/>
  </testcase>
  <testcase name="Then Thank you for your donation page should be displayed" classname="Scenario: verify user can donate £20" time="0">
    <skipped/>
  </testcase>
  <testcase name="Given user navigate to https://alzheimers-donations.wpnc-uat.site/" classname="| 4000000000001000 |" time="0"/>
  <testcase name="And user click donate £50" classname="| 4000000000001000 |" time="0"/>
  <testcase name="And user click donation amount continue tab" classname="| 4000000000001000 |" time="0.001"/>
  <testcase name="And user click credit/debit card payment type" classname="| 4000000000001000 |" time="0.001"/>
  <testcase name="And user enters &quot;4000000000001000&quot;" classname="| 4000000000001000 |" time="0"/>
  <testcase name="And user fill my detail page" classname="| 4000000000001000 |" time="0.001"/>
  <testcase name="And user fill my address page" classname="| 4000000000001000 |" time="0.004">
    <error message="chrome not reachable&#10;  (Session info: chrome=79.0.3945.88)&#10;Build info: version: &apos;3.5.3&apos;, revision: &apos;a88d25fe6b&apos;, time: &apos;2017-08-29T12:42:44.417Z&apos;&#10;System info: host: &apos;Yemis-MacBook-Air.local&apos;, ip: &apos;fe80:0:0:0:1c2d:6f0:684b:2105%en0&apos;, os.name: &apos;Mac OS X&apos;, os.arch: &apos;x86_64&apos;, os.version: &apos;10.13.6&apos;, java.version: &apos;1.8.0_201&apos;&#10;Driver info: org.openqa.selenium.chrome.ChromeDriver&#10;Capabilities [{networkConnectionEnabled=false, chrome={chromedriverVersion=78.0.3904.105 (60e2d8774a8151efa6a00b1f358371b1e0e07ee2-refs/branch-heads/3904@{#877}), userDataDir=/var/folders/4r/svs2hp7x42n37v_vhwpvd4hm0000gn/T/.com.google.Chrome.bIhJnC}, timeouts={implicit=0, pageLoad=300000, script=30000}, pageLoadStrategy=normal, unhandledPromptBehavior=dismiss and notify, strictFileInteractability=false, platform=MAC, proxy=Proxy(), goog:chromeOptions={debuggerAddress=localhost:63713}, acceptInsecureCerts=false, browserVersion=79.0.3945.88, browserName=chrome, javascriptEnabled=true, platformName=MAC, setWindowRect=true}]&#10;Session ID: 7f8267b88f85b9d1e10ed19be3c83f6d&#10;*** Element info: {Using=xpath, value=//input[@id=&quot;AddressSameYes&quot;]}" type="org.openqa.selenium.WebDriverException"><![CDATA[org.openqa.selenium.WebDriverException: 
chrome not reachable
  (Session info: chrome=79.0.3945.88)
Build info: version: '3.5.3', revision: 'a88d25fe6b', time: '2017-08-29T12:42:44.417Z'
System info: host: 'Yemis-MacBook-Air.local', ip: 'fe80:0:0:0:1c2d:6f0:684b:2105%en0', os.name: 'Mac OS X', os.arch: 'x86_64', os.version: '10.13.6', java.version: '1.8.0_201'
Driver info: org.openqa.selenium.chrome.ChromeDriver
Capabilities [{networkConnectionEnabled=false, chrome={chromedriverVersion=78.0.3904.105 (60e2d8774a8151efa6a00b1f358371b1e0e07ee2-refs/branch-heads/3904@{#877}), userDataDir=/var/folders/4r/svs2hp7x42n37v_vhwpvd4hm0000gn/T/.com.google.Chrome.bIhJnC}, timeouts={implicit=0, pageLoad=300000, script=30000}, pageLoadStrategy=normal, unhandledPromptBehavior=dismiss and notify, strictFileInteractability=false, platform=MAC, proxy=Proxy(), goog:chromeOptions={debuggerAddress=localhost:63713}, acceptInsecureCerts=false, browserVersion=79.0.3945.88, browserName=chrome, javascriptEnabled=true, platformName=MAC, setWindowRect=true}]
Session ID: 7f8267b88f85b9d1e10ed19be3c83f6d
*** Element info: {Using=xpath, value=//input[@id="AddressSameYes"]}
]]></error>
  </testcase>
  <testcase name="" classname="| 4000000000001000 |" time="0.005">
    <error message="chrome not reachable&#10;  (Session info: chrome=79.0.3945.88)&#10;Build info: version: &apos;3.5.3&apos;, revision: &apos;a88d25fe6b&apos;, time: &apos;2017-08-29T12:42:44.417Z&apos;&#10;System info: host: &apos;Yemis-MacBook-Air.local&apos;, ip: &apos;fe80:0:0:0:1c2d:6f0:684b:2105%en0&apos;, os.name: &apos;Mac OS X&apos;, os.arch: &apos;x86_64&apos;, os.version: &apos;10.13.6&apos;, java.version: &apos;1.8.0_201&apos;&#10;Driver info: org.openqa.selenium.chrome.ChromeDriver&#10;Capabilities [{networkConnectionEnabled=false, chrome={chromedriverVersion=78.0.3904.105 (60e2d8774a8151efa6a00b1f358371b1e0e07ee2-refs/branch-heads/3904@{#877}), userDataDir=/var/folders/4r/svs2hp7x42n37v_vhwpvd4hm0000gn/T/.com.google.Chrome.bIhJnC}, timeouts={implicit=0, pageLoad=300000, script=30000}, pageLoadStrategy=normal, unhandledPromptBehavior=dismiss and notify, strictFileInteractability=false, platform=MAC, proxy=Proxy(), goog:chromeOptions={debuggerAddress=localhost:63713}, acceptInsecureCerts=false, browserVersion=79.0.3945.88, browserName=chrome, javascriptEnabled=true, platformName=MAC, setWindowRect=true}]&#10;Session ID: 7f8267b88f85b9d1e10ed19be3c83f6d&#10;*** Element info: {Using=xpath, value=//input[@id=&quot;AddressSameYes&quot;]}" type="org.openqa.selenium.WebDriverException"><![CDATA[org.openqa.selenium.WebDriverException: 
chrome not reachable
  (Session info: chrome=79.0.3945.88)
Build info: version: '3.5.3', revision: 'a88d25fe6b', time: '2017-08-29T12:42:44.417Z'
System info: host: 'Yemis-MacBook-Air.local', ip: 'fe80:0:0:0:1c2d:6f0:684b:2105%en0', os.name: 'Mac OS X', os.arch: 'x86_64', os.version: '10.13.6', java.version: '1.8.0_201'
Driver info: org.openqa.selenium.chrome.ChromeDriver
Capabilities [{networkConnectionEnabled=false, chrome={chromedriverVersion=78.0.3904.105 (60e2d8774a8151efa6a00b1f358371b1e0e07ee2-refs/branch-heads/3904@{#877}), userDataDir=/var/folders/4r/svs2hp7x42n37v_vhwpvd4hm0000gn/T/.com.google.Chrome.bIhJnC}, timeouts={implicit=0, pageLoad=300000, script=30000}, pageLoadStrategy=normal, unhandledPromptBehavior=dismiss and notify, strictFileInteractability=false, platform=MAC, proxy=Proxy(), goog:chromeOptions={debuggerAddress=localhost:63713}, acceptInsecureCerts=false, browserVersion=79.0.3945.88, browserName=chrome, javascriptEnabled=true, platformName=MAC, setWindowRect=true}]
Session ID: 7f8267b88f85b9d1e10ed19be3c83f6d
*** Element info: {Using=xpath, value=//input[@id="AddressSameYes"]}
]]></error>
  </testcase>
  <testcase name="When user click single donation confirm page complete donation tab" classname="| 4000000000001000 |" time="0">
    <skipped/>
  </testcase>
  <testcase name="Then Thank you for your donation page should be displayed" classname="| 4000000000001000 |" time="0">
    <skipped/>
  </testcase>
  <testcase name="Given user navigate to https://alzheimers-donations.wpnc-uat.site/" classname="Scenario: verify user can donate £5" time="0"/>
  <testcase name="And user click on monthly donation tab" classname="Scenario: verify user can donate £5" time="0"/>
  <testcase name="And user click £5 donation" classname="Scenario: verify user can donate £5" time="0"/>
  <testcase name="And user click landing page continue tab" classname="Scenario: verify user can donate £5" time="0"/>
  <testcase name="And user click donation amount continue tab" classname="Scenario: verify user can donate £5" time="0"/>
  <testcase name="And user fill my detail page" classname="Scenario: verify user can donate £5" time="0"/>
  <testcase name="And user fill my address page" classname="Scenario: verify user can donate £5" time="0.002">
    <error message="Expected condition failed: waiting for visibility of [[ChromeDriver: chrome on MAC (829a4ebf8e96f56a2559d3e456ae1580)] -&gt; xpath: //input[@id=&quot;AddressSameYes&quot;]] (tried for 60 second(s) with 500 MILLISECONDS interval)" type="org.openqa.selenium.TimeoutException"><![CDATA[org.openqa.selenium.TimeoutException: Expected condition failed: waiting for visibility of [[ChromeDriver: chrome on MAC (829a4ebf8e96f56a2559d3e456ae1580)] -> xpath: //input[@id="AddressSameYes"]] (tried for 60 second(s) with 500 MILLISECONDS interval)
Caused by: org.openqa.selenium.NoSuchElementException: 
no such element: Unable to locate element: {"method":"xpath","selector":"//input[@id="AddressSameYes"]"}
  (Session info: chrome=79.0.3945.88)
For documentation on this error, please visit: http://seleniumhq.org/exceptions/no_such_element.html
Build info: version: '3.5.3', revision: 'a88d25fe6b', time: '2017-08-29T12:42:44.417Z'
System info: host: 'Yemis-MacBook-Air.local', ip: 'fe80:0:0:0:1c2d:6f0:684b:2105%en0', os.name: 'Mac OS X', os.arch: 'x86_64', os.version: '10.13.6', java.version: '1.8.0_201'
Driver info: org.openqa.selenium.chrome.ChromeDriver
Capabilities [{networkConnectionEnabled=false, chrome={chromedriverVersion=78.0.3904.105 (60e2d8774a8151efa6a00b1f358371b1e0e07ee2-refs/branch-heads/3904@{#877}), userDataDir=/var/folders/4r/svs2hp7x42n37v_vhwpvd4hm0000gn/T/.com.google.Chrome.v3GsSS}, timeouts={implicit=0, pageLoad=300000, script=30000}, pageLoadStrategy=normal, unhandledPromptBehavior=dismiss and notify, strictFileInteractability=false, platform=MAC, proxy=Proxy(), goog:chromeOptions={debuggerAddress=localhost:64063}, acceptInsecureCerts=false, browserVersion=79.0.3945.88, browserName=chrome, javascriptEnabled=true, platformName=MAC, setWindowRect=true}]
Session ID: 829a4ebf8e96f56a2559d3e456ae1580
*** Element info: {Using=xpath, value=//input[@id="AddressSameYes"]}
]]></error>
  </testcase>
  <testcase name="" classname="Scenario: verify user can donate £5" time="0.004">
    <error message="Expected condition failed: waiting for visibility of [[ChromeDriver: chrome on MAC (829a4ebf8e96f56a2559d3e456ae1580)] -&gt; xpath: //input[@id=&quot;AddressSameYes&quot;]] (tried for 60 second(s) with 500 MILLISECONDS interval)" type="org.openqa.selenium.TimeoutException"><![CDATA[org.openqa.selenium.TimeoutException: Expected condition failed: waiting for visibility of [[ChromeDriver: chrome on MAC (829a4ebf8e96f56a2559d3e456ae1580)] -> xpath: //input[@id="AddressSameYes"]] (tried for 60 second(s) with 500 MILLISECONDS interval)
Caused by: org.openqa.selenium.NoSuchElementException: 
no such element: Unable to locate element: {"method":"xpath","selector":"//input[@id="AddressSameYes"]"}
  (Session info: chrome=79.0.3945.88)
For documentation on this error, please visit: http://seleniumhq.org/exceptions/no_such_element.html
Build info: version: '3.5.3', revision: 'a88d25fe6b', time: '2017-08-29T12:42:44.417Z'
System info: host: 'Yemis-MacBook-Air.local', ip: 'fe80:0:0:0:1c2d:6f0:684b:2105%en0', os.name: 'Mac OS X', os.arch: 'x86_64', os.version: '10.13.6', java.version: '1.8.0_201'
Driver info: org.openqa.selenium.chrome.ChromeDriver
Capabilities [{networkConnectionEnabled=false, chrome={chromedriverVersion=78.0.3904.105 (60e2d8774a8151efa6a00b1f358371b1e0e07ee2-refs/branch-heads/3904@{#877}), userDataDir=/var/folders/4r/svs2hp7x42n37v_vhwpvd4hm0000gn/T/.com.google.Chrome.v3GsSS}, timeouts={implicit=0, pageLoad=300000, script=30000}, pageLoadStrategy=normal, unhandledPromptBehavior=dismiss and notify, strictFileInteractability=false, platform=MAC, proxy=Proxy(), goog:chromeOptions={debuggerAddress=localhost:64063}, acceptInsecureCerts=false, browserVersion=79.0.3945.88, browserName=chrome, javascriptEnabled=true, platformName=MAC, setWindowRect=true}]
Session ID: 829a4ebf8e96f56a2559d3e456ae1580
*** Element info: {Using=xpath, value=//input[@id="AddressSameYes"]}
]]></error>
  </testcase>
  <testcase name="And user fill direct debit detail page" classname="Scenario: verify user can donate £5" time="0">
    <skipped/>
  </testcase>
  <testcase name="And user click your details continue tab" classname="Scenario: verify user can donate £5" time="0">
    <skipped/>
  </testcase>
  <testcase name="When user click confirm page complete donation tab" classname="Scenario: verify user can donate £5" time="0">
    <skipped/>
  </testcase>
  <testcase name="Then Thank you for your donation page should be displayed" classname="Scenario: verify user can donate £5" time="0">
    <skipped/>
  </testcase>
</testsuite>